<?xml version="1.0" encoding="UTF-8"?>
<!-- Generated by org.testng.reporters.JUnitXMLReporter -->
<testsuite hostname="AniketS-PC" ignored="0" name="Test" tests="3" failures="0" timestamp="07 May 2019 16:27:05 GMT" time="62.304" errors="0">
  <testcase name="logincheck" time="16.836" classname="com.test.Loginpagetest"/>
  <testcase name="titlecheck" time="0.261" classname="com.test.Loginpagetest"/>
  <testcase name="helplink" time="0.052" classname="com.test.Loginpagetest"/>
</testsuite> <!-- Test -->
