<?xml version="1.0" encoding="UTF-8"?>
<!-- Generated by org.testng.reporters.JUnitXMLReporter -->
<testsuite hostname="AniketS-PC" ignored="0" name="Test" tests="3" failures="0" timestamp="07 May 2019 16:32:02 GMT" time="63.335" errors="0">
  <testcase name="logincheck" time="13.852" classname="com.test.Loginpagetest"/>
  <testcase name="titlecheck" time="0.007" classname="com.test.Loginpagetest"/>
  <testcase name="helplink" time="0.111" classname="com.test.Loginpagetest"/>
</testsuite> <!-- Test -->
