<?xml version="1.0" encoding="UTF-8"?>
<testng-results skipped="0" failed="1" ignored="0" total="3" passed="2">
  <reporter-output>
  </reporter-output>
  <suite name="Surefire suite" duration-ms="38015" started-at="2019-05-07T16:32:52Z" finished-at="2019-05-07T16:33:30Z">
    <groups>
    </groups>
    <test name="Surefire test" duration-ms="38015" started-at="2019-05-07T16:32:52Z" finished-at="2019-05-07T16:33:30Z">
      <class name="com.test.Loginpagetest">
        <test-method status="FAIL" signature="logincheck(java.lang.String, java.lang.String)[pri:1, instance:com.test.Loginpagetest@1b6a447]" name="logincheck" duration-ms="0" started-at="2019-05-07T16:32:52Z" finished-at="2019-05-07T16:32:52Z">
          <exception class="org.testng.TestNGException">
            <message>
              <![CDATA[
Parameter 'username' is required by @Test on method logincheck but has not been marked @Optional or defined
]]>
            </message>
            <full-stacktrace>
              <![CDATA[org.testng.TestNGException: 
Parameter 'username' is required by @Test on method logincheck but has not been marked @Optional or defined

at org.testng.internal.Parameters.createParams(Parameters.java:290)
at org.testng.internal.Parameters.createParametersForMethod(Parameters.java:359)
at org.testng.internal.Parameters.createParameters(Parameters.java:620)
at org.testng.internal.Parameters.handleParameters(Parameters.java:769)
at org.testng.internal.ParameterHandler.handleParameters(ParameterHandler.java:49)
at org.testng.internal.ParameterHandler.createParameters(ParameterHandler.java:37)
at org.testng.internal.Invoker.invokeTestMethods(Invoker.java:924)
at org.testng.internal.TestMethodWorker.invokeTestMethods(TestMethodWorker.java:125)
at org.testng.internal.TestMethodWorker.run(TestMethodWorker.java:109)
at org.testng.TestRunner.privateRun(TestRunner.java:648)
at org.testng.TestRunner.run(TestRunner.java:505)
at org.testng.SuiteRunner.runTest(SuiteRunner.java:455)
at org.testng.SuiteRunner.runSequentially(SuiteRunner.java:450)
at org.testng.SuiteRunner.privateRun(SuiteRunner.java:415)
at org.testng.SuiteRunner.run(SuiteRunner.java:364)
at org.testng.SuiteRunnerWorker.runSuite(SuiteRunnerWorker.java:52)
at org.testng.SuiteRunnerWorker.run(SuiteRunnerWorker.java:84)
at org.testng.TestNG.runSuitesSequentially(TestNG.java:1208)
at org.testng.TestNG.runSuitesLocally(TestNG.java:1137)
at org.testng.TestNG.runSuites(TestNG.java:1049)
at org.testng.TestNG.run(TestNG.java:1017)
at org.apache.maven.surefire.testng.TestNGExecutor.run(TestNGExecutor.java:135)
at org.apache.maven.surefire.testng.TestNGDirectoryTestSuite.executeSingleClass(TestNGDirectoryTestSuite.java:112)
at org.apache.maven.surefire.testng.TestNGDirectoryTestSuite.execute(TestNGDirectoryTestSuite.java:99)
at org.apache.maven.surefire.testng.TestNGProvider.invoke(TestNGProvider.java:146)
at org.apache.maven.surefire.booter.ForkedBooter.invokeProviderInSameClassLoader(ForkedBooter.java:384)
at org.apache.maven.surefire.booter.ForkedBooter.runSuitesInProcess(ForkedBooter.java:345)
at org.apache.maven.surefire.booter.ForkedBooter.execute(ForkedBooter.java:126)
at org.apache.maven.surefire.booter.ForkedBooter.main(ForkedBooter.java:418)
]]>
            </full-stacktrace>
          </exception> <!-- org.testng.TestNGException -->
          <reporter-output>
          </reporter-output>
        </test-method> <!-- logincheck -->
        <test-method status="PASS" signature="initialize()[pri:0, instance:com.test.Loginpagetest@1b6a447]" name="initialize" is-config="true" duration-ms="17726" started-at="2019-05-07T16:32:52Z" finished-at="2019-05-07T16:33:10Z">
          <reporter-output>
          </reporter-output>
        </test-method> <!-- initialize -->
        <test-method status="PASS" signature="titlecheck()[pri:2, instance:com.test.Loginpagetest@1b6a447]" name="titlecheck" duration-ms="10" started-at="2019-05-07T16:33:10Z" finished-at="2019-05-07T16:33:10Z">
          <reporter-output>
          </reporter-output>
        </test-method> <!-- titlecheck -->
        <test-method status="PASS" signature="exit()[pri:0, instance:com.test.Loginpagetest@1b6a447]" name="exit" is-config="true" duration-ms="2327" started-at="2019-05-07T16:33:10Z" finished-at="2019-05-07T16:33:12Z">
          <reporter-output>
          </reporter-output>
        </test-method> <!-- exit -->
        <test-method status="PASS" signature="initialize()[pri:0, instance:com.test.Loginpagetest@1b6a447]" name="initialize" is-config="true" duration-ms="15536" started-at="2019-05-07T16:33:12Z" finished-at="2019-05-07T16:33:28Z">
          <reporter-output>
          </reporter-output>
        </test-method> <!-- initialize -->
        <test-method status="PASS" signature="helplink()[pri:3, instance:com.test.Loginpagetest@1b6a447]" name="helplink" duration-ms="54" started-at="2019-05-07T16:33:28Z" finished-at="2019-05-07T16:33:28Z">
          <reporter-output>
          </reporter-output>
        </test-method> <!-- helplink -->
        <test-method status="PASS" signature="exit()[pri:0, instance:com.test.Loginpagetest@1b6a447]" name="exit" is-config="true" duration-ms="2315" started-at="2019-05-07T16:33:28Z" finished-at="2019-05-07T16:33:30Z">
          <reporter-output>
          </reporter-output>
        </test-method> <!-- exit -->
      </class> <!-- com.test.Loginpagetest -->
    </test> <!-- Surefire test -->
  </suite> <!-- Surefire suite -->
</testng-results>
